<?xml version="1.0" encoding="UTF-8"?>
<!-- Generated by org.testng.reporters.JUnitXMLReporter -->
<testsuite hostname="DESKTOP-O7AV493" ignored="0" tests="1" failures="1" timestamp="13 juuli 2017 08:54:59 GMT" time="125.787" errors="0">
  <testcase name="requestLogin" time="125.753" classname="SingInTest">
    <failure type="org.openqa.selenium.NoSuchSessionException" message="A session is either terminated or not started (WARNING: The server did not provide any stacktrace information)
Command duration or timeout: 20 milliseconds
Build info: version: &amp;apos;3.4.0&amp;apos;, revision: &amp;apos;unknown&amp;apos;, time: &amp;apos;unknown&amp;apos;
System info: host: &amp;apos;DESKTOP-O7AV493&amp;apos;, ip: &amp;apos;172.16.5.45&amp;apos;, os.name: &amp;apos;Windows 10&amp;apos;, os.arch: &amp;apos;amd64&amp;apos;, os.version: &amp;apos;10.0&amp;apos;, java.version: &amp;apos;1.8.0_111&amp;apos;
Driver info: io.appium.java_client.android.AndroidDriver
Capabilities [{app=C:\Users\Pavel\Desktop\app.apk, appPackage=com.example.user.pocotest, deviceScreenSize=1440x2560, networkConnectionEnabled=true, warnings={}, appWaitPackage=com.example.user.pocotest, appWaitActivity=com.example.user.pocotest.WelcomeActivity, databaseEnabled=false, deviceName=ce12160c130ae41504, platform=LINUX, deviceUDID=ce12160c130ae41504, appActivity=com.example.user.pocotest.WelcomeActivity, desired={app=C:\Users\Pavel\Desktop\app.apk, appPackage=com.example.user.pocotest, browserName=, platformName=Android, deviceName=Samsung}, platformVersion=7.0, webStorageEnabled=false, locationContextEnabled=false, takesScreenshot=true, browserName=, javascriptEnabled=true, deviceModel=SM-G935F, platformName=Android, deviceManufacturer=samsung}]
Session ID: 0d07a9d9-0806-4a5d-9a63-fa206e949b2c
*** Element info: {Using=id, value=com.example.user.pocotest:id/email}">
      <![CDATA[org.openqa.selenium.NoSuchSessionException: A session is either terminated or not started (WARNING: The server did not provide any stacktrace information)
Command duration or timeout: 20 milliseconds
Build info: version: '3.4.0', revision: 'unknown', time: 'unknown'
System info: host: 'DESKTOP-O7AV493', ip: '172.16.5.45', os.name: 'Windows 10', os.arch: 'amd64', os.version: '10.0', java.version: '1.8.0_111'
Driver info: io.appium.java_client.android.AndroidDriver
Capabilities [{app=C:\Users\Pavel\Desktop\app.apk, appPackage=com.example.user.pocotest, deviceScreenSize=1440x2560, networkConnectionEnabled=true, warnings={}, appWaitPackage=com.example.user.pocotest, appWaitActivity=com.example.user.pocotest.WelcomeActivity, databaseEnabled=false, deviceName=ce12160c130ae41504, platform=LINUX, deviceUDID=ce12160c130ae41504, appActivity=com.example.user.pocotest.WelcomeActivity, desired={app=C:\Users\Pavel\Desktop\app.apk, appPackage=com.example.user.pocotest, browserName=, platformName=Android, deviceName=Samsung}, platformVersion=7.0, webStorageEnabled=false, locationContextEnabled=false, takesScreenshot=true, browserName=, javascriptEnabled=true, deviceModel=SM-G935F, platformName=Android, deviceManufacturer=samsung}]
Session ID: 0d07a9d9-0806-4a5d-9a63-fa206e949b2c
*** Element info: {Using=id, value=com.example.user.pocotest:id/email}
	at org.openqa.selenium.remote.ErrorHandler.createThrowable(ErrorHandler.java:215)
	at org.openqa.selenium.remote.ErrorHandler.throwIfResponseFailed(ErrorHandler.java:167)
	at org.openqa.selenium.remote.RemoteWebDriver.execute(RemoteWebDriver.java:671)
	at io.appium.java_client.DefaultGenericMobileDriver.execute(DefaultGenericMobileDriver.java:42)
	at io.appium.java_client.AppiumDriver.execute(AppiumDriver.java:1)
	at io.appium.java_client.android.AndroidDriver.execute(AndroidDriver.java:1)
	at org.openqa.selenium.remote.RemoteWebDriver.findElement(RemoteWebDriver.java:410)
	at io.appium.java_client.DefaultGenericMobileDriver.findElement(DefaultGenericMobileDriver.java:62)
	at io.appium.java_client.AppiumDriver.findElement(AppiumDriver.java:1)
	at io.appium.java_client.android.AndroidDriver.findElement(AndroidDriver.java:1)
	at org.openqa.selenium.remote.RemoteWebDriver.findElementById(RemoteWebDriver.java:453)
	at io.appium.java_client.DefaultGenericMobileDriver.findElementById(DefaultGenericMobileDriver.java:70)
	at io.appium.java_client.AppiumDriver.findElementById(AppiumDriver.java:1)
	at io.appium.java_client.android.AndroidDriver.findElementById(AndroidDriver.java:1)
	at SingInTest.requestLogin(SingInTest.java:54)
... Removed 39 stack frames]]>
    </failure>
  </testcase> <!-- requestLogin -->
</testsuite>
