-------------------------------------------------------------------------------
Test set: TestSuite
-------------------------------------------------------------------------------
Tests run: 1, Failures: 1, Errors: 0, Skipped: 0, Time elapsed: 48.925 sec <<< FAILURE! - in TestSuite
requestLogin(SingInTest)  Time elapsed: 29.053 sec  <<< FAILURE!
org.openqa.selenium.NoSuchElementException: 
Can't locate an element by this strategy: Locator map: 
- native content: "By.AndroidUIAutomator: new UiScrollable(new UiSelector()).scrollIntoView(new UiSelector().resourceIdMatches(".*id/congratulationButton"))" 
- html content: "by id or name "button""
	at SingInTest.requestLogin(SingInTest.java:25)
Caused by: org.openqa.selenium.TimeoutException: Expected condition failed: waiting for io.appium.java_client.pagefactory.AppiumElementLocator$WaitingFunction@1500b2f3 (tried for 10 second(s) with 500 MILLISECONDS interval)
	at SingInTest.requestLogin(SingInTest.java:25)
Caused by: org.openqa.selenium.NoSuchElementException: 
An element could not be located on the page using the given search parameters. (WARNING: The server did not provide any stacktrace information)
Command duration or timeout: 6.09 seconds
For documentation on this error, please visit: http://seleniumhq.org/exceptions/no_such_element.html
Build info: version: '3.4.0', revision: 'unknown', time: 'unknown'
System info: host: 'DESKTOP-O7AV493', ip: '172.16.5.45', os.name: 'Windows 10', os.arch: 'amd64', os.version: '10.0', java.version: '1.8.0_111'
Driver info: io.appium.java_client.android.AndroidDriver
Capabilities [{app=C:\Users\Pavel\Downloads\test_clients\pavel.apk, appPackage=com.example.user.pocotest, deviceScreenSize=1440x2560, networkConnectionEnabled=true, warnings={}, appWaitActivity=com.example.user.pocotest.*, appWaitPackage=com.example.user.pocotest, databaseEnabled=false, deviceName=ce12160c130ae41504, platform=LINUX, deviceUDID=ce12160c130ae41504, appActivity=com.example.user.pocotest.activities.WelcomeActivity, desired={app=C:\Users\Pavel\Downloads\test_clients\pavel.apk, appPackage=com.example.user.pocotest, appWaitActivity=com.example.user.pocotest.*, platformName=Android, deviceName=Samsung}, platformVersion=7.0, webStorageEnabled=false, locationContextEnabled=false, takesScreenshot=true, javascriptEnabled=true, deviceModel=SM-G935F, platformName=Android, deviceManufacturer=samsung}]
Session ID: 63ccaec6-2bd5-40e2-b5ec-395cd96a06eb
*** Element info: {Using=-android uiautomator, value=new UiScrollable(new UiSelector()).scrollIntoView(new UiSelector().resourceIdMatches(".*id/congratulationButton"))}
	at SingInTest.requestLogin(SingInTest.java:25)

